C51 COMPILER V9.60.0.0   MAIN                                                              04/01/2022 22:47:54 PAGE 1   


C51 COMPILER V9.60.0.0, COMPILATION OF MODULE MAIN
OBJECT MODULE PLACED IN .\Objects\main.obj
COMPILER INVOKED BY: D:\software\Keil_V5\C51\BIN\C51.EXE main.c OPTIMIZE(8,SPEED) BROWSE DEBUG OBJECTEXTEND PRINT(.\List
                    -ings\main.lst) OBJECT(.\Objects\main.obj)

line level    source

   1          #include <REGX52.H>
   2          
   3          void delayXms(unsigned int x) {
   4   1          while(x--) {
   5   2              int i = 300;
   6   2              while(--i);
   7   2          }
   8   1      }
   9          
  10          /**
  11           * if pressed, return true; or else return false.
  12           */
  13          int checkBtnPressedAt(int i) {
  14   1          switch(i) {
  15   2              // pos 1 and 2 are reversed
  16   2              case 1:
  17   2                  if (P3_1 == 0) {
  18   3                      delayXms(20);
  19   3                      while(P3_1 == 0);
  20   3                      delayXms(20);
  21   3                      return 1;
  22   3                  }
  23   2                  return 0;
  24   2              case 2:
  25   2                  if (P3_0 == 0) {
  26   3                      delayXms(20);
  27   3                      while(P3_0 == 0);
  28   3                      delayXms(20);
  29   3                      return 1;
  30   3                  }
  31   2                  return 0;
  32   2              case 3:
  33   2                  if (P3_2 == 0) {
  34   3                      delayXms(20);
  35   3                      while(P3_2 == 0);
  36   3                      delayXms(20);
  37   3                      return 1;
  38   3                  }
  39   2                  return 0;
  40   2              case 4:
  41   2                  if (P3_3 == 0) {
  42   3                      delayXms(20);
  43   3                      while(P3_3 == 0);
  44   3                      delayXms(20);
  45   3                      return 1;
  46   3                  }
  47   2                  return 0;
  48   2              default: return 0;
  49   2          }
  50   1      }
  51          
  52          void main() {
  53   1          unsigned char v = 0;
  54   1          while(1) {
C51 COMPILER V9.60.0.0   MAIN                                                              04/01/2022 22:47:54 PAGE 2   

  55   2              if (checkBtnPressedAt(1)) {
  56   3                  P2 = ~(++v);
  57   3              }
  58   2              if (checkBtnPressedAt(2)) {
  59   3                  P2 = ~(--v);
  60   3              }
  61   2              if (checkBtnPressedAt(3)) {
  62   3                  v >>= 1;
  63   3                  P2 = ~v;
  64   3              }
  65   2              if (checkBtnPressedAt(4)) {
  66   3                  v <<= 1;
  67   3                  P2 = ~v;
  68   3              }
  69   2          }
  70   1      }


MODULE INFORMATION:   STATIC OVERLAYABLE
   CODE SIZE        =    186    ----
   CONSTANT SIZE    =   ----    ----
   XDATA SIZE       =   ----    ----
   PDATA SIZE       =   ----    ----
   DATA SIZE        =   ----       2
   IDATA SIZE       =   ----    ----
   BIT SIZE         =   ----    ----
END OF MODULE INFORMATION.


C51 COMPILATION COMPLETE.  0 WARNING(S),  0 ERROR(S)
