C51 COMPILER V9.60.0.0   MAIN                                                              04/01/2022 21:38:26 PAGE 1   


C51 COMPILER V9.60.0.0, COMPILATION OF MODULE MAIN
OBJECT MODULE PLACED IN .\Objects\main.obj
COMPILER INVOKED BY: D:\software\Keil_V5\C51\BIN\C51.EXE main.c OPTIMIZE(8,SPEED) BROWSE DEBUG OBJECTEXTEND PRINT(.\List
                    -ings\main.lst) OBJECT(.\Objects\main.obj)

line level    source

   1          #include <REGX52.H>
   2          
   3          void delayXms(unsigned int x) {
   4   1          while(x--) {
   5   2              int i = 100 * 1000;
   6   2              while(--i);
   7   2          }
   8   1      }
   9          
  10          void main() {
  11   1              unsigned int v = 0x01;
  12   1          while(1) {
  13   2              P2 = ~v;
  14   2              v = v << 1;
  15   2              if (v > 0x80) {
  16   3                  v = 0x01;
  17   3              }
  18   2              delayXms(1);
  19   2          }
  20   1      }


MODULE INFORMATION:   STATIC OVERLAYABLE
   CODE SIZE        =     69    ----
   CONSTANT SIZE    =   ----    ----
   XDATA SIZE       =   ----    ----
   PDATA SIZE       =   ----    ----
   DATA SIZE        =   ----       2
   IDATA SIZE       =   ----    ----
   BIT SIZE         =   ----    ----
END OF MODULE INFORMATION.


C51 COMPILATION COMPLETE.  0 WARNING(S),  0 ERROR(S)
