C51 COMPILER V9.60.0.0   MAIN                                                              04/09/2022 22:53:03 PAGE 1   


C51 COMPILER V9.60.0.0, COMPILATION OF MODULE MAIN
OBJECT MODULE PLACED IN .\Objects\main.obj
COMPILER INVOKED BY: D:\software\Keil_V5\C51\BIN\C51.EXE main.c OPTIMIZE(8,SPEED) BROWSE DEBUG OBJECTEXTEND PRINT(.\List
                    -ings\main.lst) OBJECT(.\Objects\main.obj)

line level    source

   1          #include <REGX52.H>
   2          #include "my_lib.h"
   3          
   4          #define FOSC 11059200
   5          #define T1MS (65536 - FOSC/12/1000) //1ms timer calculation method in 12T mode
   6          
   7          U8 count = 0;
   8          
   9          sbit TEST_LED = P2^0;
  10          
  11          void timer0_routine(void) interrupt 1 {
  12   1          // timer count init
  13   1          TL0 = T1MS;
  14   1          TH0 = T1MS >> 8;
  15   1          if(count-- == 0) {
  16   2              if (checkBtnPressedAt(1)) {
  17   3                  P2_1 = !P2_1;
  18   3              }
  19   2              if(checkBtnPressedAt(2)) {
  20   3                  P2_2 = !P2_2;
  21   3              }
  22   2              TEST_LED = !TEST_LED;
  23   2          }
  24   1      }
  25          
  26          void int0_init(void) {
  27   1          EA = 1; // enable global interrupt
  28   1          ET0 = 1; // enable T0
  29   1          PT0 = 0; // low priority
  30   1          
  31   1          TMOD &= 0xF0;
  32   1          TMOD |= 0x01;
  33   1          TR0 = 1;
  34   1          TF0 = 0;
  35   1          // timer count init
  36   1          TL0 = T1MS;
  37   1          TH0 = T1MS >> 8;
  38   1      }
  39          
  40          void main(void) {
  41   1          int0_init();
  42   1          P2 = 0xFF;
  43   1          while(1);
  44   1      }


MODULE INFORMATION:   STATIC OVERLAYABLE
   CODE SIZE        =    122    ----
   CONSTANT SIZE    =   ----    ----
   XDATA SIZE       =   ----    ----
   PDATA SIZE       =   ----    ----
   DATA SIZE        =      1    ----
   IDATA SIZE       =   ----    ----
   BIT SIZE         =   ----    ----
C51 COMPILER V9.60.0.0   MAIN                                                              04/09/2022 22:53:03 PAGE 2   

END OF MODULE INFORMATION.


C51 COMPILATION COMPLETE.  0 WARNING(S),  0 ERROR(S)
