C51 COMPILER V9.60.0.0   BTN4                                                              04/13/2022 21:07:12 PAGE 1   


C51 COMPILER V9.60.0.0, COMPILATION OF MODULE BTN4
OBJECT MODULE PLACED IN .\Objects\btn4.obj
COMPILER INVOKED BY: D:\software\Keil_V5\C51\BIN\C51.EXE btn4.c OPTIMIZE(8,SPEED) BROWSE DEBUG OBJECTEXTEND PRINT(.\List
                    -ings\btn4.lst) OBJECT(.\Objects\btn4.obj)

line level    source

   1          #include <REGX52.H>
   2          #include "btn4.h"
   3          
   4          /**
   5           * @param i - position of btn, start from 1, left to right
   6           * @retval if pressed, return 1; else return 0.
   7           */
   8          U8 checkBtnPressedAt(U8 i) {
   9   1          switch(i) {
  10   2              // pos 1 and 2 are reversed
  11   2              case 1: return P3_1 == 0;
  12   2              case 2: return P3_0 == 0;
  13   2              case 3: return P3_2 == 0;
  14   2              case 4: return P3_3 == 0;
  15   2              default: return 0;
  16   2          }
  17   1      }


MODULE INFORMATION:   STATIC OVERLAYABLE
   CODE SIZE        =     54    ----
   CONSTANT SIZE    =   ----    ----
   XDATA SIZE       =   ----    ----
   PDATA SIZE       =   ----    ----
   DATA SIZE        =   ----    ----
   IDATA SIZE       =   ----    ----
   BIT SIZE         =   ----    ----
END OF MODULE INFORMATION.


C51 COMPILATION COMPLETE.  0 WARNING(S),  0 ERROR(S)
