C51 COMPILER V9.60.0.0   MAIN                                                              04/11/2022 00:38:46 PAGE 1   


C51 COMPILER V9.60.0.0, COMPILATION OF MODULE MAIN
OBJECT MODULE PLACED IN .\Objects\main.obj
COMPILER INVOKED BY: D:\software\Keil_V5\C51\BIN\C51.EXE main.c OPTIMIZE(8,SPEED) BROWSE DEBUG OBJECTEXTEND PRINT(.\List
                    -ings\main.lst) OBJECT(.\Objects\main.obj)

line level    source

   1          #include <REGX52.H>
   2          #include "type_def.h"
   3          #include "timer0.h"
   4          #include "clock_DS1302.h"
   5          #include "nexie2.h"
   6          #include "btn4.h"
   7          
   8          U8 gMode = 0; // 0 as HH:MM:SS, 1 as YY-MM-DD
   9          
  10          void time0Routine(void) {
  11   1          gMode = checkBtnPressedAt(1) | checkBtnPressedAt(2) | checkBtnPressedAt(3) | checkBtnPressedAt(4);
  12   1      }
  13          
  14          void showTime(void) {
  15   1          PU8 time = NULL;
  16   1          U8 nexieNum[8] = {0}, i = 0;
  17   1          
  18   1          time = readTimeClockDS1302();
  19   1          if (gMode == 0) {
  20   2              nexieNum[0] = time[0] & 0x0F;
  21   2              nexieNum[1] = (time[0] & 0xF0) >> 4;
  22   2              nexieNum[2] = 0xFF;
  23   2              nexieNum[3] = time[1] & 0x0F;
  24   2              nexieNum[4] = (time[1] & 0xF0) >> 4;
  25   2              nexieNum[5] = 0xFF;
  26   2              nexieNum[6] = time[2] & 0x0F;
  27   2              nexieNum[7] = (time[2] & 0xF0) >> 4;
  28   2          } else {
  29   2              nexieNum[0] = time[3] & 0x0F;
  30   2              nexieNum[1] = (time[3] & 0xF0) >> 4;
  31   2              nexieNum[2] = time[4] & 0x0F;
  32   2              nexieNum[3] = (time[4] & 0xF0) >> 4;
  33   2              nexieNum[4] = time[6] & 0x0F;
  34   2              nexieNum[5] = (time[6] & 0xF0) >> 4;
  35   2              nexieNum[6] = 0;
  36   2              nexieNum[7] = 2;
  37   2          }
  38   1          
  39   1          for(i = 0; i < 8; ++i) {
  40   2              markNumNexie(i+1, nexieNum[i]);
  41   2          }
  42   1      }
  43          
  44          void main(void) {
  45   1          initClockDS1302();
  46   1          initTimer0(500, time0Routine);
  47   1      
  48   1          while(1) {
  49   2              showTime();
  50   2          }
  51   1      }


MODULE INFORMATION:   STATIC OVERLAYABLE
C51 COMPILER V9.60.0.0   MAIN                                                              04/11/2022 00:38:46 PAGE 2   

   CODE SIZE        =    248    ----
   CONSTANT SIZE    =      8    ----
   XDATA SIZE       =   ----    ----
   PDATA SIZE       =   ----    ----
   DATA SIZE        =      1       9
   IDATA SIZE       =   ----    ----
   BIT SIZE         =   ----    ----
END OF MODULE INFORMATION.


C51 COMPILATION COMPLETE.  0 WARNING(S),  0 ERROR(S)
