C51 COMPILER V9.60.0.0   TIMER0                                                            04/11/2022 00:38:46 PAGE 1   


C51 COMPILER V9.60.0.0, COMPILATION OF MODULE TIMER0
OBJECT MODULE PLACED IN .\Objects\timer0.obj
COMPILER INVOKED BY: D:\software\Keil_V5\C51\BIN\C51.EXE timer0.c OPTIMIZE(8,SPEED) BROWSE DEBUG OBJECTEXTEND PRINT(.\Li
                    -stings\timer0.lst) OBJECT(.\Objects\timer0.obj)

line level    source

   1          #include <REGX52.H>
   2          #include "timer0.h"
   3          
   4          struct Timer0Data gTimer0Data;
   5          
   6          void initTimer0(U16 cntMs, Runable routine) {
   7   1          EA = 1; // enable global interrupt
   8   1          ET0 = 1; // enable T0
   9   1          PT0 = 0; // low priority
  10   1          
  11   1          TMOD &= 0xF0;
  12   1          TMOD |= 0x01;
  13   1          TR0 = 1;
  14   1          TF0 = 0;
  15   1          
  16   1          // timer count init
  17   1          TL0 = T1MS;
  18   1          TH0 = T1MS >> 8;
  19   1          
  20   1          gTimer0Data.initCntMs = cntMs;
  21   1          gTimer0Data.tCntMs = cntMs;
  22   1          gTimer0Data.tRoutine = routine;
  23   1      }
  24          
  25          void timer0Routine(void) interrupt 1 {
  26   1          // timer count init
  27   1          TL0 = T1MS;
  28   1          TH0 = T1MS >> 8;
  29   1          if(gTimer0Data.tCntMs-- == 0) {
  30   2              gTimer0Data.tCntMs = gTimer0Data.initCntMs;
  31   2              (gTimer0Data.tRoutine)();
  32   2          }
  33   1      }


MODULE INFORMATION:   STATIC OVERLAYABLE
   CODE SIZE        =    125    ----
   CONSTANT SIZE    =   ----    ----
   XDATA SIZE       =   ----    ----
   PDATA SIZE       =   ----    ----
   DATA SIZE        =      7    ----
   IDATA SIZE       =   ----    ----
   BIT SIZE         =   ----    ----
END OF MODULE INFORMATION.


C51 COMPILATION COMPLETE.  0 WARNING(S),  0 ERROR(S)
