C51 COMPILER V9.60.0.0   MY_LIB                                                            04/02/2022 16:07:39 PAGE 1   


C51 COMPILER V9.60.0.0, COMPILATION OF MODULE MY_LIB
OBJECT MODULE PLACED IN .\Objects\my_lib.obj
COMPILER INVOKED BY: D:\software\Keil_V5\C51\BIN\C51.EXE my_lib.c OPTIMIZE(8,SPEED) BROWSE DEBUG OBJECTEXTEND PRINT(.\Li
                    -stings\my_lib.lst) OBJECT(.\Objects\my_lib.obj)

line level    source

   1          #include <REGX52.H>
   2          #include "my_lib.h"
   3          
   4          void delayXms(U16 x) {
   5   1          while(x--) {
   6   2              int i = 300;
   7   2              while(--i);
   8   2          }
   9   1      }
  10          
  11          /**
  12           * if pressed, return 1; else return 0.
  13           */
  14          U8 checkBtnPressedAt(U8 i) {
  15   1          U16 period = 20;
  16   1          switch(i) {
  17   2              // pos 1 and 2 are reversed
  18   2              case 1:
  19   2                  if (P3_1 == 0) {
  20   3                      delayXms(period);
  21   3                      while(P3_1 == 0);
  22   3                      delayXms(period);
  23   3                      return 1;
  24   3                  }
  25   2                  return 0;
  26   2              case 2:
  27   2                  if (P3_0 == 0) {
  28   3                      delayXms(period);
  29   3                      while(P3_0 == 0);
  30   3                      delayXms(period);
  31   3                      return 1;
  32   3                  }
  33   2                  return 0;
  34   2              case 3:
  35   2                  if (P3_2 == 0) {
  36   3                      delayXms(period);
  37   3                      while(P3_2 == 0);
  38   3                      delayXms(period);
  39   3                      return 1;
  40   3                  }
  41   2                  return 0;
  42   2              case 4:
  43   2                  if (P3_3 == 0) {
  44   3                      delayXms(period);
  45   3                      while(P3_3 == 0);
  46   3                      delayXms(period);
  47   3                      return 1;
  48   3                  }
  49   2                  return 0;
  50   2              default: return 0;
  51   2          }
  52   1      }


C51 COMPILER V9.60.0.0   MY_LIB                                                            04/02/2022 16:07:39 PAGE 2   

MODULE INFORMATION:   STATIC OVERLAYABLE
   CODE SIZE        =    120    ----
   CONSTANT SIZE    =   ----    ----
   XDATA SIZE       =   ----    ----
   PDATA SIZE       =   ----    ----
   DATA SIZE        =   ----       2
   IDATA SIZE       =   ----    ----
   BIT SIZE         =   ----    ----
END OF MODULE INFORMATION.


C51 COMPILATION COMPLETE.  0 WARNING(S),  0 ERROR(S)
